[2021-05-19T16:11:51] INFO [root.<module>:183] Starting scraping process...
[2021-05-19T16:11:51] DEBUG [urllib3.connectionpool._new_conn:939] Starting new HTTPS connection (1): ftx.com:443
[2021-05-19T16:11:52] DEBUG [urllib3.connectionpool._make_request:433] https://ftx.com:443 "GET /api/markets HTTP/1.1" 200 None
[2021-05-19T16:12:51] INFO [root.<module>:183] Starting scraping process...
2021-05-19 18:13:45.644 | INFO     | __main__:<module>:176 - Starting scraping process...
2021-05-19 18:15:56.074 | INFO     | __main__:<module>:176 - Starting scraping process...
2021-05-19 18:15:57.139 | INFO     | __main__:<module>:183 - Updating markets and prices
2021-05-19 18:19:48.910 | INFO     | __main__:<module>:190 - Updating funding rates
2021-05-19 18:20:46.730 | INFO     | __main__:<module>:198 - Going to sleep...
2021-05-19 18:20:56.077 | INFO     | __main__:<module>:176 - Starting scraping process...
2021-05-19 18:20:57.304 | INFO     | __main__:<module>:183 - Updating markets and prices
2021-05-19 18:24:52.459 | INFO     | __main__:<module>:190 - Updating funding rates
2021-05-19 18:25:48.435 | INFO     | __main__:<module>:198 - Going to sleep...
2021-05-19 18:25:56.082 | INFO     | __main__:<module>:176 - Starting scraping process...
2021-05-19 18:25:57.976 | INFO     | __main__:<module>:183 - Updating markets and prices
2021-05-19 18:29:48.894 | INFO     | __main__:<module>:190 - Updating funding rates
2021-05-19 18:30:46.146 | INFO     | __main__:<module>:198 - Going to sleep...
2021-05-19 18:30:56.086 | INFO     | __main__:<module>:176 - Starting scraping process...
2021-05-19 18:30:57.817 | INFO     | __main__:<module>:183 - Updating markets and prices
2021-05-19 18:34:44.633 | INFO     | __main__:<module>:190 - Updating funding rates
2021-05-19 18:35:40.506 | INFO     | __main__:<module>:198 - Going to sleep...
2021-05-19 18:35:56.091 | INFO     | __main__:<module>:176 - Starting scraping process...
2021-05-19 18:35:58.111 | INFO     | __main__:<module>:183 - Updating markets and prices
2021-05-19 18:39:48.130 | INFO     | __main__:<module>:190 - Updating funding rates
2021-05-19 18:40:47.463 | INFO     | __main__:<module>:198 - Going to sleep...
2021-05-19 18:40:56.096 | INFO     | __main__:<module>:176 - Starting scraping process...
2021-05-19 18:40:57.664 | INFO     | __main__:<module>:183 - Updating markets and prices
2021-05-19 18:44:48.129 | INFO     | __main__:<module>:190 - Updating funding rates
2021-05-19 18:45:45.172 | INFO     | __main__:<module>:198 - Going to sleep...
2021-05-19 18:45:56.101 | INFO     | __main__:<module>:176 - Starting scraping process...
2021-05-19 18:45:58.365 | INFO     | __main__:<module>:183 - Updating markets and prices
2021-05-19 18:49:50.463 | INFO     | __main__:<module>:190 - Updating funding rates
2021-05-19 18:50:48.151 | INFO     | __main__:<module>:198 - Going to sleep...
2021-05-19 18:50:56.104 | INFO     | __main__:<module>:176 - Starting scraping process...
2021-05-19 18:50:57.627 | INFO     | __main__:<module>:183 - Updating markets and prices
2021-05-19 18:54:46.860 | INFO     | __main__:<module>:190 - Updating funding rates
2021-05-19 18:57:24.143 | INFO     | __main__:<module>:176 - Starting scraping process...
2021-05-19 18:57:26.192 | INFO     | __main__:<module>:183 - Updating markets and prices
2021-05-19 19:01:17.737 | INFO     | __main__:<module>:190 - Updating funding rates
2021-05-19 19:02:15.730 | INFO     | __main__:<module>:198 - Going to sleep...
2021-05-19 19:02:24.146 | INFO     | __main__:<module>:176 - Starting scraping process...
2021-05-19 19:02:25.950 | INFO     | __main__:<module>:183 - Updating markets and prices
2021-05-19 19:06:14.233 | INFO     | __main__:<module>:190 - Updating funding rates
2021-05-19 19:07:12.968 | INFO     | __main__:<module>:198 - Going to sleep...
2021-05-19 19:07:24.150 | INFO     | __main__:<module>:176 - Starting scraping process...
2021-05-19 19:07:26.332 | INFO     | __main__:<module>:183 - Updating markets and prices
2021-05-19 19:11:18.788 | INFO     | __main__:<module>:190 - Updating funding rates
2021-05-19 19:13:41.453 | INFO     | __main__:<module>:178 - Starting scraping process...
2021-05-19 19:13:43.508 | INFO     | __main__:<module>:185 - Updating markets and prices
2021-05-19 19:14:18.708 | INFO     | __main__:<module>:178 - Starting scraping process...
2021-05-19 19:14:19.798 | INFO     | __main__:<module>:185 - Updating markets and prices
